Request method:	GET
Request URI:	https://postman-echo.com/get
Proxy:			<none>
Request params:	<none>
Query params:	<none>
Form params:	<none>
Path params:	<none>
Headers:		Accept=*/*
Cookies:		<none>
Multiparts:		<none>
Body:			<none>
HTTP/1.1 200 OK
Date: Tue, 06 Jun 2023 18:41:13 GMT
Content-Type: application/json; charset=utf-8
Content-Length: 363
Connection: keep-alive
ETag: W/"16b-4AhoO5m3xZTPwo+XB0AFYvhHICA"
set-cookie: sails.sid=s%3AdU4fS9ZiBPbtXRrcpoiQQ6ssmlo7nzXr.tX1wagzLVxBV%2Bgn3VGFuhJOUDvTjHf45Sw8U%2BT4JV1U; Path=/; HttpOnly

{
    "args": {
        
    },
    "headers": {
        "x-forwarded-proto": "https",
        "x-forwarded-port": "443",
        "host": "postman-echo.com",
        "x-amzn-trace-id": "Root=1-647f7dc9-6b45032a0b81438034b9762f",
        "accept": "*/*",
        "user-agent": "Apache-HttpClient/4.5.13 (Java/1.8.0_301)",
        "accept-encoding": "gzip,deflate"
    },
    "url": "https://postman-echo.com/get"
}
